{
  "stats": {
    "suites": 5,
    "tests": 7,
    "passes": 7,
    "pending": 0,
    "failures": 0,
    "start": "2021-10-02T08:37:31.409Z",
    "end": "2021-10-02T08:38:59.501Z",
    "duration": 56492,
    "testsRegistered": 7,
    "passPercent": 100,
    "pendingPercent": 0,
    "other": 0,
    "hasOther": false,
    "skipped": 0,
    "hasSkipped": false
  },
  "results": [
    {
      "uuid": "1483dc28-3699-4f94-af1d-29038ff657b5",
      "title": "",
      "fullFile": "cypress\\integration\\Tests\\ChooseProduct.js",
      "file": "cypress\\integration\\Tests\\ChooseProduct.js",
      "beforeHooks": [],
      "afterHooks": [],
      "tests": [],
      "suites": [
        {
          "uuid": "02144c55-abd0-4cc6-988e-1396fc92e398",
          "title": "Choose a product",
          "fullFile": "",
          "file": "",
          "beforeHooks": [],
          "afterHooks": [],
          "tests": [
            {
              "title": "Login the user",
              "fullTitle": "Choose a product Login the user",
              "timedOut": null,
              "duration": 8782,
              "state": "passed",
              "speed": "slow",
              "pass": true,
              "fail": false,
              "pending": false,
              "context": null,
              "code": "cy.login(this.data.username, this.data.password);",
              "err": {},
              "uuid": "640f5119-ba7f-4bd1-ab48-07cba44f10fa",
              "parentUUID": "02144c55-abd0-4cc6-988e-1396fc92e398",
              "isHook": false,
              "skipped": false
            },
            {
              "title": "Select a Product",
              "fullTitle": "Choose a product Select a Product",
              "timedOut": null,
              "duration": 1790,
              "state": "passed",
              "speed": "slow",
              "pass": true,
              "fail": false,
              "pending": false,
              "context": null,
              "code": "cy.clickFirstElement('Articles');",
              "err": {},
              "uuid": "720dc186-ae58-4dd6-ba08-ffa83a187573",
              "parentUUID": "02144c55-abd0-4cc6-988e-1396fc92e398",
              "isHook": false,
              "skipped": false
            }
          ],
          "suites": [],
          "passes": [
            "640f5119-ba7f-4bd1-ab48-07cba44f10fa",
            "720dc186-ae58-4dd6-ba08-ffa83a187573"
          ],
          "failures": [],
          "pending": [],
          "skipped": [],
          "duration": 10572,
          "root": false,
          "rootEmpty": false,
          "_timeout": 2000
        }
      ],
      "passes": [],
      "failures": [],
      "pending": [],
      "skipped": [],
      "duration": 0,
      "root": true,
      "rootEmpty": true,
      "_timeout": 2000
    },
    {
      "uuid": "abd0f6dd-f95b-4e30-9370-fc4fd3e409ee",
      "title": "",
      "fullFile": "cypress\\integration\\Tests\\Login.js",
      "file": "cypress\\integration\\Tests\\Login.js",
      "beforeHooks": [],
      "afterHooks": [],
      "tests": [],
      "suites": [
        {
          "uuid": "35e5abdf-856b-4134-b1a5-7a23db2d8ada",
          "title": "Login",
          "fullFile": "",
          "file": "",
          "beforeHooks": [],
          "afterHooks": [],
          "tests": [
            {
              "title": "Login the user",
              "fullTitle": "Login Login the user",
              "timedOut": null,
              "duration": 13939,
              "state": "passed",
              "speed": "slow",
              "pass": true,
              "fail": false,
              "pending": false,
              "context": null,
              "code": "cy.login(this.data.username, this.data.password);\ncy.visit(\"https://www.tundra.com/search?q=*&c=USA\");",
              "err": {},
              "uuid": "a9c0ace8-d63a-4d8f-98ba-3b29e1af2283",
              "parentUUID": "35e5abdf-856b-4134-b1a5-7a23db2d8ada",
              "isHook": false,
              "skipped": false
            }
          ],
          "suites": [],
          "passes": [
            "a9c0ace8-d63a-4d8f-98ba-3b29e1af2283"
          ],
          "failures": [],
          "pending": [],
          "skipped": [],
          "duration": 13939,
          "root": false,
          "rootEmpty": false,
          "_timeout": 2000
        }
      ],
      "passes": [],
      "failures": [],
      "pending": [],
      "skipped": [],
      "duration": 0,
      "root": true,
      "rootEmpty": true,
      "_timeout": 2000
    },
    {
      "uuid": "a873c634-c900-49b9-b699-cf7c6ea3a6f4",
      "title": "",
      "fullFile": "cypress\\integration\\Tests\\NavigateProductPage.js",
      "file": "cypress\\integration\\Tests\\NavigateProductPage.js",
      "beforeHooks": [],
      "afterHooks": [],
      "tests": [],
      "suites": [
        {
          "uuid": "dbf936d2-18c9-4902-8600-6e3df67bb3a8",
          "title": "Navigate to product page",
          "fullFile": "",
          "file": "",
          "beforeHooks": [],
          "afterHooks": [],
          "tests": [
            {
              "title": "Navigate product page not logged",
              "fullTitle": "Navigate to product page Navigate product page not logged",
              "timedOut": null,
              "duration": 5656,
              "state": "passed",
              "speed": "slow",
              "pass": true,
              "fail": false,
              "pending": false,
              "context": null,
              "code": "cy.assertElement('Articles');\ncy.assertElementContains('Log in');\ncy.assertElementContains('Sign up');\ncy.assertElementNotVisible('ArticlePrices');",
              "err": {},
              "uuid": "855b3a37-56d5-4cc0-b3b8-cd6d2814bde7",
              "parentUUID": "dbf936d2-18c9-4902-8600-6e3df67bb3a8",
              "isHook": false,
              "skipped": false
            }
          ],
          "suites": [],
          "passes": [
            "855b3a37-56d5-4cc0-b3b8-cd6d2814bde7"
          ],
          "failures": [],
          "pending": [],
          "skipped": [],
          "duration": 5656,
          "root": false,
          "rootEmpty": false,
          "_timeout": 2000
        }
      ],
      "passes": [],
      "failures": [],
      "pending": [],
      "skipped": [],
      "duration": 0,
      "root": true,
      "rootEmpty": true,
      "_timeout": 2000
    },
    {
      "uuid": "9188442b-116b-4766-95f0-5883f4369f6b",
      "title": "",
      "fullFile": "cypress\\integration\\Tests\\Scroll.js",
      "file": "cypress\\integration\\Tests\\Scroll.js",
      "beforeHooks": [],
      "afterHooks": [],
      "tests": [],
      "suites": [
        {
          "uuid": "d328c831-f125-4ab5-ab8e-7e59709bdbfe",
          "title": "Scroll",
          "fullFile": "",
          "file": "",
          "beforeHooks": [],
          "afterHooks": [],
          "tests": [
            {
              "title": "Perform scroll and load more Products",
              "fullTitle": "Scroll Perform scroll and load more Products",
              "timedOut": null,
              "duration": 5093,
              "state": "passed",
              "speed": "slow",
              "pass": true,
              "fail": false,
              "pending": false,
              "context": null,
              "code": "cy.scrollTo('bottom');\ncy.clickElementContains('Load more products');",
              "err": {},
              "uuid": "37fdd0d6-0e5e-4c09-aeb8-2a34d7fc782d",
              "parentUUID": "d328c831-f125-4ab5-ab8e-7e59709bdbfe",
              "isHook": false,
              "skipped": false
            }
          ],
          "suites": [],
          "passes": [
            "37fdd0d6-0e5e-4c09-aeb8-2a34d7fc782d"
          ],
          "failures": [],
          "pending": [],
          "skipped": [],
          "duration": 5093,
          "root": false,
          "rootEmpty": false,
          "_timeout": 2000
        }
      ],
      "passes": [],
      "failures": [],
      "pending": [],
      "skipped": [],
      "duration": 0,
      "root": true,
      "rootEmpty": true,
      "_timeout": 2000
    },
    {
      "uuid": "eb1a8f5b-0f42-4306-ba51-c88c24faeab2",
      "title": "",
      "fullFile": "cypress\\integration\\Tests\\AddToCart.js",
      "file": "cypress\\integration\\Tests\\AddToCart.js",
      "beforeHooks": [],
      "afterHooks": [],
      "tests": [],
      "suites": [
        {
          "uuid": "df379df0-cd4c-4de2-b0b2-5f60db971da7",
          "title": "Add to cart",
          "fullFile": "",
          "file": "",
          "beforeHooks": [],
          "afterHooks": [],
          "tests": [
            {
              "title": "Login the user",
              "fullTitle": "Add to cart Login the user",
              "timedOut": null,
              "duration": 18082,
              "state": "passed",
              "speed": "slow",
              "pass": true,
              "fail": false,
              "pending": false,
              "context": null,
              "code": "cy.login(this.data.username, this.data.password);",
              "err": {},
              "uuid": "5c63c4be-b101-435e-8871-8c2b0a953d15",
              "parentUUID": "df379df0-cd4c-4de2-b0b2-5f60db971da7",
              "isHook": false,
              "skipped": false
            },
            {
              "title": "Add a Product to the cart",
              "fullTitle": "Add to cart Add a Product to the cart",
              "timedOut": null,
              "duration": 3150,
              "state": "passed",
              "speed": "slow",
              "pass": true,
              "fail": false,
              "pending": false,
              "context": null,
              "code": "cy.typeText('ItemQuantity', 10);\ncy.clickElementContains('Add to cart');",
              "err": {},
              "uuid": "c8a736b1-47e7-41db-afcd-6b9415dc1585",
              "parentUUID": "df379df0-cd4c-4de2-b0b2-5f60db971da7",
              "isHook": false,
              "skipped": false
            }
          ],
          "suites": [],
          "passes": [
            "5c63c4be-b101-435e-8871-8c2b0a953d15",
            "c8a736b1-47e7-41db-afcd-6b9415dc1585"
          ],
          "failures": [],
          "pending": [],
          "skipped": [],
          "duration": 21232,
          "root": false,
          "rootEmpty": false,
          "_timeout": 2000
        }
      ],
      "passes": [],
      "failures": [],
      "pending": [],
      "skipped": [],
      "duration": 0,
      "root": true,
      "rootEmpty": true,
      "_timeout": 2000
    }
  ],
  "meta": {
    "mocha": {
      "version": "7.0.1"
    },
    "mochawesome": {
      "options": {
        "quiet": false,
        "reportFilename": "mochawesome",
        "saveHtml": false,
        "saveJson": true,
        "consoleReporter": "spec",
        "useInlineDiffs": false,
        "code": true
      },
      "version": "6.3.0"
    },
    "marge": {
      "options": {
        "id": "default",
        "reportDir": "cypress/results/json",
        "overwrite": false,
        "html": false,
        "json": true
      },
      "version": "5.2.0"
    }
  }
}