{
  "stats": {
    "suites": 1,
    "tests": 2,
    "passes": 2,
    "pending": 0,
    "failures": 0,
    "start": "2021-10-02T08:38:00.345Z",
    "end": "2021-10-02T08:38:11.107Z",
    "duration": 10762,
    "testsRegistered": 2,
    "passPercent": 100,
    "pendingPercent": 0,
    "other": 0,
    "hasOther": false,
    "skipped": 0,
    "hasSkipped": false
  },
  "results": [
    {
      "uuid": "1483dc28-3699-4f94-af1d-29038ff657b5",
      "title": "",
      "fullFile": "cypress\\integration\\Tests\\ChooseProduct.js",
      "file": "cypress\\integration\\Tests\\ChooseProduct.js",
      "beforeHooks": [],
      "afterHooks": [],
      "tests": [],
      "suites": [
        {
          "uuid": "02144c55-abd0-4cc6-988e-1396fc92e398",
          "title": "Choose a product",
          "fullFile": "",
          "file": "",
          "beforeHooks": [],
          "afterHooks": [],
          "tests": [
            {
              "title": "Login the user",
              "fullTitle": "Choose a product Login the user",
              "timedOut": null,
              "duration": 8782,
              "state": "passed",
              "speed": "slow",
              "pass": true,
              "fail": false,
              "pending": false,
              "context": null,
              "code": "cy.login(this.data.username, this.data.password);",
              "err": {},
              "uuid": "640f5119-ba7f-4bd1-ab48-07cba44f10fa",
              "parentUUID": "02144c55-abd0-4cc6-988e-1396fc92e398",
              "isHook": false,
              "skipped": false
            },
            {
              "title": "Select a Product",
              "fullTitle": "Choose a product Select a Product",
              "timedOut": null,
              "duration": 1790,
              "state": "passed",
              "speed": "slow",
              "pass": true,
              "fail": false,
              "pending": false,
              "context": null,
              "code": "cy.clickFirstElement('Articles');",
              "err": {},
              "uuid": "720dc186-ae58-4dd6-ba08-ffa83a187573",
              "parentUUID": "02144c55-abd0-4cc6-988e-1396fc92e398",
              "isHook": false,
              "skipped": false
            }
          ],
          "suites": [],
          "passes": [
            "640f5119-ba7f-4bd1-ab48-07cba44f10fa",
            "720dc186-ae58-4dd6-ba08-ffa83a187573"
          ],
          "failures": [],
          "pending": [],
          "skipped": [],
          "duration": 10572,
          "root": false,
          "rootEmpty": false,
          "_timeout": 2000
        }
      ],
      "passes": [],
      "failures": [],
      "pending": [],
      "skipped": [],
      "duration": 0,
      "root": true,
      "rootEmpty": true,
      "_timeout": 2000
    }
  ],
  "meta": {
    "mocha": {
      "version": "7.0.1"
    },
    "mochawesome": {
      "options": {
        "quiet": false,
        "reportFilename": "mochawesome",
        "saveHtml": false,
        "saveJson": true,
        "consoleReporter": "spec",
        "useInlineDiffs": false,
        "code": true
      },
      "version": "6.3.0"
    },
    "marge": {
      "options": {
        "id": "default",
        "reportDir": "cypress/results/json",
        "overwrite": false,
        "html": false,
        "json": true
      },
      "version": "5.2.0"
    }
  }
}