{
  "stats": {
    "suites": 1,
    "tests": 1,
    "passes": 1,
    "pending": 0,
    "failures": 0,
    "start": "2021-10-02T08:38:18.422Z",
    "end": "2021-10-02T08:38:32.584Z",
    "duration": 14162,
    "testsRegistered": 1,
    "passPercent": 100,
    "pendingPercent": 0,
    "other": 0,
    "hasOther": false,
    "skipped": 0,
    "hasSkipped": false
  },
  "results": [
    {
      "uuid": "abd0f6dd-f95b-4e30-9370-fc4fd3e409ee",
      "title": "",
      "fullFile": "cypress\\integration\\Tests\\Login.js",
      "file": "cypress\\integration\\Tests\\Login.js",
      "beforeHooks": [],
      "afterHooks": [],
      "tests": [],
      "suites": [
        {
          "uuid": "35e5abdf-856b-4134-b1a5-7a23db2d8ada",
          "title": "Login",
          "fullFile": "",
          "file": "",
          "beforeHooks": [],
          "afterHooks": [],
          "tests": [
            {
              "title": "Login the user",
              "fullTitle": "Login Login the user",
              "timedOut": null,
              "duration": 13939,
              "state": "passed",
              "speed": "slow",
              "pass": true,
              "fail": false,
              "pending": false,
              "context": null,
              "code": "cy.login(this.data.username, this.data.password);\ncy.visit(\"https://www.tundra.com/search?q=*&c=USA\");",
              "err": {},
              "uuid": "a9c0ace8-d63a-4d8f-98ba-3b29e1af2283",
              "parentUUID": "35e5abdf-856b-4134-b1a5-7a23db2d8ada",
              "isHook": false,
              "skipped": false
            }
          ],
          "suites": [],
          "passes": [
            "a9c0ace8-d63a-4d8f-98ba-3b29e1af2283"
          ],
          "failures": [],
          "pending": [],
          "skipped": [],
          "duration": 13939,
          "root": false,
          "rootEmpty": false,
          "_timeout": 2000
        }
      ],
      "passes": [],
      "failures": [],
      "pending": [],
      "skipped": [],
      "duration": 0,
      "root": true,
      "rootEmpty": true,
      "_timeout": 2000
    }
  ],
  "meta": {
    "mocha": {
      "version": "7.0.1"
    },
    "mochawesome": {
      "options": {
        "quiet": false,
        "reportFilename": "mochawesome",
        "saveHtml": false,
        "saveJson": true,
        "consoleReporter": "spec",
        "useInlineDiffs": false,
        "code": true
      },
      "version": "6.3.0"
    },
    "marge": {
      "options": {
        "id": "default",
        "reportDir": "cypress/results/json",
        "overwrite": false,
        "html": false,
        "json": true
      },
      "version": "5.2.0"
    }
  }
}