{
  "stats": {
    "suites": 1,
    "tests": 1,
    "passes": 1,
    "pending": 0,
    "failures": 0,
    "start": "2021-10-02T08:38:40.411Z",
    "end": "2021-10-02T08:38:46.289Z",
    "duration": 5878,
    "testsRegistered": 1,
    "passPercent": 100,
    "pendingPercent": 0,
    "other": 0,
    "hasOther": false,
    "skipped": 0,
    "hasSkipped": false
  },
  "results": [
    {
      "uuid": "a873c634-c900-49b9-b699-cf7c6ea3a6f4",
      "title": "",
      "fullFile": "cypress\\integration\\Tests\\NavigateProductPage.js",
      "file": "cypress\\integration\\Tests\\NavigateProductPage.js",
      "beforeHooks": [],
      "afterHooks": [],
      "tests": [],
      "suites": [
        {
          "uuid": "dbf936d2-18c9-4902-8600-6e3df67bb3a8",
          "title": "Navigate to product page",
          "fullFile": "",
          "file": "",
          "beforeHooks": [],
          "afterHooks": [],
          "tests": [
            {
              "title": "Navigate product page not logged",
              "fullTitle": "Navigate to product page Navigate product page not logged",
              "timedOut": null,
              "duration": 5656,
              "state": "passed",
              "speed": "slow",
              "pass": true,
              "fail": false,
              "pending": false,
              "context": null,
              "code": "cy.assertElement('Articles');\ncy.assertElementContains('Log in');\ncy.assertElementContains('Sign up');\ncy.assertElementNotVisible('ArticlePrices');",
              "err": {},
              "uuid": "855b3a37-56d5-4cc0-b3b8-cd6d2814bde7",
              "parentUUID": "dbf936d2-18c9-4902-8600-6e3df67bb3a8",
              "isHook": false,
              "skipped": false
            }
          ],
          "suites": [],
          "passes": [
            "855b3a37-56d5-4cc0-b3b8-cd6d2814bde7"
          ],
          "failures": [],
          "pending": [],
          "skipped": [],
          "duration": 5656,
          "root": false,
          "rootEmpty": false,
          "_timeout": 2000
        }
      ],
      "passes": [],
      "failures": [],
      "pending": [],
      "skipped": [],
      "duration": 0,
      "root": true,
      "rootEmpty": true,
      "_timeout": 2000
    }
  ],
  "meta": {
    "mocha": {
      "version": "7.0.1"
    },
    "mochawesome": {
      "options": {
        "quiet": false,
        "reportFilename": "mochawesome",
        "saveHtml": false,
        "saveJson": true,
        "consoleReporter": "spec",
        "useInlineDiffs": false,
        "code": true
      },
      "version": "6.3.0"
    },
    "marge": {
      "options": {
        "id": "default",
        "reportDir": "cypress/results/json",
        "overwrite": false,
        "html": false,
        "json": true
      },
      "version": "5.2.0"
    }
  }
}