{
  "stats": {
    "suites": 1,
    "tests": 1,
    "passes": 1,
    "pending": 0,
    "failures": 0,
    "start": "2021-10-02T08:38:53.838Z",
    "end": "2021-10-02T08:38:59.501Z",
    "duration": 5663,
    "testsRegistered": 1,
    "passPercent": 100,
    "pendingPercent": 0,
    "other": 0,
    "hasOther": false,
    "skipped": 0,
    "hasSkipped": false
  },
  "results": [
    {
      "uuid": "9188442b-116b-4766-95f0-5883f4369f6b",
      "title": "",
      "fullFile": "cypress\\integration\\Tests\\Scroll.js",
      "file": "cypress\\integration\\Tests\\Scroll.js",
      "beforeHooks": [],
      "afterHooks": [],
      "tests": [],
      "suites": [
        {
          "uuid": "d328c831-f125-4ab5-ab8e-7e59709bdbfe",
          "title": "Scroll",
          "fullFile": "",
          "file": "",
          "beforeHooks": [],
          "afterHooks": [],
          "tests": [
            {
              "title": "Perform scroll and load more Products",
              "fullTitle": "Scroll Perform scroll and load more Products",
              "timedOut": null,
              "duration": 5093,
              "state": "passed",
              "speed": "slow",
              "pass": true,
              "fail": false,
              "pending": false,
              "context": null,
              "code": "cy.scrollTo('bottom');\ncy.clickElementContains('Load more products');",
              "err": {},
              "uuid": "37fdd0d6-0e5e-4c09-aeb8-2a34d7fc782d",
              "parentUUID": "d328c831-f125-4ab5-ab8e-7e59709bdbfe",
              "isHook": false,
              "skipped": false
            }
          ],
          "suites": [],
          "passes": [
            "37fdd0d6-0e5e-4c09-aeb8-2a34d7fc782d"
          ],
          "failures": [],
          "pending": [],
          "skipped": [],
          "duration": 5093,
          "root": false,
          "rootEmpty": false,
          "_timeout": 2000
        }
      ],
      "passes": [],
      "failures": [],
      "pending": [],
      "skipped": [],
      "duration": 0,
      "root": true,
      "rootEmpty": true,
      "_timeout": 2000
    }
  ],
  "meta": {
    "mocha": {
      "version": "7.0.1"
    },
    "mochawesome": {
      "options": {
        "quiet": false,
        "reportFilename": "mochawesome",
        "saveHtml": false,
        "saveJson": true,
        "consoleReporter": "spec",
        "useInlineDiffs": false,
        "code": true
      },
      "version": "6.3.0"
    },
    "marge": {
      "options": {
        "id": "default",
        "reportDir": "cypress/results/json",
        "overwrite": false,
        "html": false,
        "json": true
      },
      "version": "5.2.0"
    }
  }
}