{
  "stats": {
    "suites": 1,
    "tests": 2,
    "passes": 2,
    "pending": 0,
    "failures": 0,
    "start": "2021-10-02T08:48:16.450Z",
    "end": "2021-10-02T08:48:27.605Z",
    "duration": 11155,
    "testsRegistered": 2,
    "passPercent": 100,
    "pendingPercent": 0,
    "other": 0,
    "hasOther": false,
    "skipped": 0,
    "hasSkipped": false
  },
  "results": [
    {
      "uuid": "9d91a1d1-16c8-4633-a39a-69e924aa6324",
      "title": "",
      "fullFile": "cypress\\integration\\Tests\\AddToCart.js",
      "file": "cypress\\integration\\Tests\\AddToCart.js",
      "beforeHooks": [],
      "afterHooks": [],
      "tests": [],
      "suites": [
        {
          "uuid": "8e04ea46-3b91-4113-8640-2c84ab0cf153",
          "title": "Add to cart",
          "fullFile": "",
          "file": "",
          "beforeHooks": [],
          "afterHooks": [],
          "tests": [
            {
              "title": "Login the user",
              "fullTitle": "Add to cart Login the user",
              "timedOut": null,
              "duration": 8275,
              "state": "passed",
              "speed": "slow",
              "pass": true,
              "fail": false,
              "pending": false,
              "context": null,
              "code": "cy.login(this.data.username, this.data.password);",
              "err": {},
              "uuid": "03f14f3d-c5ba-4145-bb04-064700b9c746",
              "parentUUID": "8e04ea46-3b91-4113-8640-2c84ab0cf153",
              "isHook": false,
              "skipped": false
            },
            {
              "title": "Add a Product to the cart",
              "fullTitle": "Add to cart Add a Product to the cart",
              "timedOut": null,
              "duration": 2338,
              "state": "passed",
              "speed": "slow",
              "pass": true,
              "fail": false,
              "pending": false,
              "context": null,
              "code": "cy.typeText('ItemQuantity', 10);\ncy.clickElementContains('Add to cart');",
              "err": {},
              "uuid": "14eded9f-0e2f-49e4-9292-c68c5c041ab2",
              "parentUUID": "8e04ea46-3b91-4113-8640-2c84ab0cf153",
              "isHook": false,
              "skipped": false
            }
          ],
          "suites": [],
          "passes": [
            "03f14f3d-c5ba-4145-bb04-064700b9c746",
            "14eded9f-0e2f-49e4-9292-c68c5c041ab2"
          ],
          "failures": [],
          "pending": [],
          "skipped": [],
          "duration": 10613,
          "root": false,
          "rootEmpty": false,
          "_timeout": 2000
        }
      ],
      "passes": [],
      "failures": [],
      "pending": [],
      "skipped": [],
      "duration": 0,
      "root": true,
      "rootEmpty": true,
      "_timeout": 2000
    }
  ],
  "meta": {
    "mocha": {
      "version": "7.0.1"
    },
    "mochawesome": {
      "options": {
        "quiet": false,
        "reportFilename": "mochawesome",
        "saveHtml": false,
        "saveJson": true,
        "consoleReporter": "spec",
        "useInlineDiffs": false,
        "code": true
      },
      "version": "6.3.0"
    },
    "marge": {
      "options": {
        "id": "default",
        "reportDir": "cypress/results/json",
        "overwrite": false,
        "html": false,
        "json": true
      },
      "version": "5.2.0"
    }
  }
}