{
  "stats": {
    "suites": 1,
    "tests": 2,
    "passes": 2,
    "pending": 0,
    "failures": 0,
    "start": "2021-10-02T08:48:38.361Z",
    "end": "2021-10-02T08:48:46.175Z",
    "duration": 7814,
    "testsRegistered": 2,
    "passPercent": 100,
    "pendingPercent": 0,
    "other": 0,
    "hasOther": false,
    "skipped": 0,
    "hasSkipped": false
  },
  "results": [
    {
      "uuid": "eeb9a72e-b2d3-4cbb-b6c4-9e064c841906",
      "title": "",
      "fullFile": "cypress\\integration\\Tests\\ChooseProduct.js",
      "file": "cypress\\integration\\Tests\\ChooseProduct.js",
      "beforeHooks": [],
      "afterHooks": [],
      "tests": [],
      "suites": [
        {
          "uuid": "e20174d9-3273-4829-9bd7-5d4ef3bf6734",
          "title": "Choose a product",
          "fullFile": "",
          "file": "",
          "beforeHooks": [],
          "afterHooks": [],
          "tests": [
            {
              "title": "Login the user",
              "fullTitle": "Choose a product Login the user",
              "timedOut": null,
              "duration": 6441,
              "state": "passed",
              "speed": "slow",
              "pass": true,
              "fail": false,
              "pending": false,
              "context": null,
              "code": "cy.login(this.data.username, this.data.password);",
              "err": {},
              "uuid": "b6781b0e-35fc-4acd-93e9-048233439e79",
              "parentUUID": "e20174d9-3273-4829-9bd7-5d4ef3bf6734",
              "isHook": false,
              "skipped": false
            },
            {
              "title": "Select a Product",
              "fullTitle": "Choose a product Select a Product",
              "timedOut": null,
              "duration": 1135,
              "state": "passed",
              "speed": "slow",
              "pass": true,
              "fail": false,
              "pending": false,
              "context": null,
              "code": "cy.clickFirstElement('Articles');",
              "err": {},
              "uuid": "8d1e8464-0775-422c-8d35-6510fa6ef1ad",
              "parentUUID": "e20174d9-3273-4829-9bd7-5d4ef3bf6734",
              "isHook": false,
              "skipped": false
            }
          ],
          "suites": [],
          "passes": [
            "b6781b0e-35fc-4acd-93e9-048233439e79",
            "8d1e8464-0775-422c-8d35-6510fa6ef1ad"
          ],
          "failures": [],
          "pending": [],
          "skipped": [],
          "duration": 7576,
          "root": false,
          "rootEmpty": false,
          "_timeout": 2000
        }
      ],
      "passes": [],
      "failures": [],
      "pending": [],
      "skipped": [],
      "duration": 0,
      "root": true,
      "rootEmpty": true,
      "_timeout": 2000
    }
  ],
  "meta": {
    "mocha": {
      "version": "7.0.1"
    },
    "mochawesome": {
      "options": {
        "quiet": false,
        "reportFilename": "mochawesome",
        "saveHtml": false,
        "saveJson": true,
        "consoleReporter": "spec",
        "useInlineDiffs": false,
        "code": true
      },
      "version": "6.3.0"
    },
    "marge": {
      "options": {
        "id": "default",
        "reportDir": "cypress/results/json",
        "overwrite": false,
        "html": false,
        "json": true
      },
      "version": "5.2.0"
    }
  }
}